\BOOKMARK [0][-]{chapter.1}{\376\377\0001\000\040\000N\000a\000m\000e\000s\000p\000a\000c\000e\000\040\000I\000n\000d\000e\000x}{}% 1
\BOOKMARK [1][-]{section.1.1}{\376\377\0001\000.\0001\000\040\000P\000a\000c\000k\000a\000g\000e\000\040\000L\000i\000s\000t}{chapter.1}% 2
\BOOKMARK [0][-]{chapter.2}{\376\377\0002\000\040\000H\000i\000e\000r\000a\000r\000c\000h\000i\000c\000a\000l\000\040\000I\000n\000d\000e\000x}{}% 3
\BOOKMARK [1][-]{section.2.1}{\376\377\0002\000.\0001\000\040\000C\000l\000a\000s\000s\000\040\000H\000i\000e\000r\000a\000r\000c\000h\000y}{chapter.2}% 4
\BOOKMARK [0][-]{chapter.3}{\376\377\0003\000\040\000C\000l\000a\000s\000s\000\040\000I\000n\000d\000e\000x}{}% 5
\BOOKMARK [1][-]{section.3.1}{\376\377\0003\000.\0001\000\040\000C\000l\000a\000s\000s\000\040\000L\000i\000s\000t}{chapter.3}% 6
\BOOKMARK [0][-]{chapter.4}{\376\377\0004\000\040\000F\000i\000l\000e\000\040\000I\000n\000d\000e\000x}{}% 7
\BOOKMARK [1][-]{section.4.1}{\376\377\0004\000.\0001\000\040\000F\000i\000l\000e\000\040\000L\000i\000s\000t}{chapter.4}% 8
\BOOKMARK [0][-]{chapter.5}{\376\377\0005\000\040\000N\000a\000m\000e\000s\000p\000a\000c\000e\000\040\000D\000o\000c\000u\000m\000e\000n\000t\000a\000t\000i\000o\000n}{}% 9
\BOOKMARK [1][-]{section.5.1}{\376\377\0005\000.\0001\000\040\000G\000U\000I\000\040\000N\000a\000m\000e\000s\000p\000a\000c\000e\000\040\000R\000e\000f\000e\000r\000e\000n\000c\000e}{chapter.5}% 10
\BOOKMARK [2][-]{subsection.5.1.1}{\376\377\0005\000.\0001\000.\0001\000\040\000V\000a\000r\000i\000a\000b\000l\000e\000\040\000D\000o\000c\000u\000m\000e\000n\000t\000a\000t\000i\000o\000n}{section.5.1}% 11
\BOOKMARK [3][-]{subsubsection.5.1.1.1}{\376\377\0005\000.\0001\000.\0001\000.\0001\000\040\000a\000p\000p}{subsection.5.1.1}% 12
\BOOKMARK [3][-]{subsubsection.5.1.1.2}{\376\377\0005\000.\0001\000.\0001\000.\0002\000\040\000w\000i\000n\000d\000o\000w}{subsection.5.1.1}% 13
\BOOKMARK [1][-]{section.5.2}{\376\377\0005\000.\0002\000\040\000t\000r\000a\000i\000n\000i\000n\000g\000\040\000N\000a\000m\000e\000s\000p\000a\000c\000e\000\040\000R\000e\000f\000e\000r\000e\000n\000c\000e}{chapter.5}% 14
\BOOKMARK [2][-]{subsection.5.2.1}{\376\377\0005\000.\0002\000.\0001\000\040\000F\000u\000n\000c\000t\000i\000o\000n\000\040\000D\000o\000c\000u\000m\000e\000n\000t\000a\000t\000i\000o\000n}{section.5.2}% 15
\BOOKMARK [3][-]{subsubsection.5.2.1.1}{\376\377\0005\000.\0002\000.\0001\000.\0001\000\040\000K\000L\000\137\000l\000o\000s\000s\000\050\000\051}{subsection.5.2.1}% 16
\BOOKMARK [3][-]{subsubsection.5.2.1.2}{\376\377\0005\000.\0002\000.\0001\000.\0002\000\040\000s\000e\000l\000e\000c\000t\000\137\000c\000h\000a\000n\000n\000e\000l\000\050\000\051}{subsection.5.2.1}% 17
\BOOKMARK [2][-]{subsection.5.2.2}{\376\377\0005\000.\0002\000.\0002\000\040\000V\000a\000r\000i\000a\000b\000l\000e\000\040\000D\000o\000c\000u\000m\000e\000n\000t\000a\000t\000i\000o\000n}{section.5.2}% 18
\BOOKMARK [3][-]{subsubsection.5.2.2.1}{\376\377\0005\000.\0002\000.\0002\000.\0001\000\040\000a\000d\000v\000\137\000l\000o\000s\000s}{subsection.5.2.2}% 19
\BOOKMARK [3][-]{subsubsection.5.2.2.2}{\376\377\0005\000.\0002\000.\0002\000.\0002\000\040\000a\000d\000v\000\137\000w\000e\000i\000g\000h\000t}{subsection.5.2.2}% 20
\BOOKMARK [3][-]{subsubsection.5.2.2.3}{\376\377\0005\000.\0002\000.\0002\000.\0003\000\040\000a\000u\000t\000o\000e\000n\000c\000o\000d\000e\000r}{subsection.5.2.2}% 21
\BOOKMARK [3][-]{subsubsection.5.2.2.4}{\376\377\0005\000.\0002\000.\0002\000.\0004\000\040\000a\000u\000t\000o\000e\000n\000c\000o\000d\000e\000r\000\137\000w\000a\000r\000m\000\137\000u\000p\000\137\000n\000\137\000e\000p\000o\000c\000h\000s}{subsection.5.2.2}% 22
\BOOKMARK [3][-]{subsubsection.5.2.2.5}{\376\377\0005\000.\0002\000.\0002\000.\0005\000\040\000a\000x}{subsection.5.2.2}% 23
\BOOKMARK [3][-]{subsubsection.5.2.2.6}{\376\377\0005\000.\0002\000.\0002\000.\0006\000\040\000a\000x\000s}{subsection.5.2.2}% 24
\BOOKMARK [3][-]{subsubsection.5.2.2.7}{\376\377\0005\000.\0002\000.\0002\000.\0007\000\040\000b\000a\000t\000c\000h\000\137\000s\000i\000z\000e}{subsection.5.2.2}% 25
\BOOKMARK [3][-]{subsubsection.5.2.2.8}{\376\377\0005\000.\0002\000.\0002\000.\0008\000\040\000c\000h\000a\000n\000n\000e\000l}{subsection.5.2.2}% 26
\BOOKMARK [3][-]{subsubsection.5.2.2.9}{\376\377\0005\000.\0002\000.\0002\000.\0009\000\040\000c\000m\000a\000p}{subsection.5.2.2}% 27
\BOOKMARK [3][-]{subsubsection.5.2.2.10}{\376\377\0005\000.\0002\000.\0002\000.\0001\0000\000\040\000c\000o\000l\000o\000r}{subsection.5.2.2}% 28
\BOOKMARK [3][-]{subsubsection.5.2.2.11}{\376\377\0005\000.\0002\000.\0002\000.\0001\0001\000\040\000d\000e\000v\000i\000c\000e}{subsection.5.2.2}% 29
\BOOKMARK [3][-]{subsubsection.5.2.2.12}{\376\377\0005\000.\0002\000.\0002\000.\0001\0002\000\040\000d\000e\000v\000i\000c\000e\000\137\000t\000y\000p\000e}{subsection.5.2.2}% 30
\BOOKMARK [3][-]{subsubsection.5.2.2.13}{\376\377\0005\000.\0002\000.\0002\000.\0001\0003\000\040\000d\000i\000r\000e\000c\000t\000o\000r\000y}{subsection.5.2.2}% 31
\BOOKMARK [3][-]{subsubsection.5.2.2.14}{\376\377\0005\000.\0002\000.\0002\000.\0001\0004\000\040\000d\000i\000s\000c\000\137\000e\000p\000o\000c\000h\000\137\000l\000o\000s\000s}{subsection.5.2.2}% 32
\BOOKMARK [3][-]{subsubsection.5.2.2.15}{\376\377\0005\000.\0002\000.\0002\000.\0001\0005\000\040\000d\000i\000s\000c\000r\000i\000m\000i\000n\000a\000t\000o\000r}{subsection.5.2.2}% 33
\BOOKMARK [3][-]{subsubsection.5.2.2.16}{\376\377\0005\000.\0002\000.\0002\000.\0001\0006\000\040\000d\000i\000s\000c\000r\000i\000m\000i\000n\000a\000t\000o\000r\000\137\000l\000o\000s\000s}{subsection.5.2.2}% 34
\BOOKMARK [3][-]{subsubsection.5.2.2.17}{\376\377\0005\000.\0002\000.\0002\000.\0001\0007\000\040\000e\000n\000a\000b\000l\000e\000d}{subsection.5.2.2}% 35
\BOOKMARK [3][-]{subsubsection.5.2.2.18}{\376\377\0005\000.\0002\000.\0002\000.\0001\0008\000\040\000e\000p\000o\000c\000h\000\137\000d\000i\000s\000c\000\137\000l\000o\000s\000s\000\137\000l\000i\000s\000t}{subsection.5.2.2}% 36
\BOOKMARK [3][-]{subsubsection.5.2.2.19}{\376\377\0005\000.\0002\000.\0002\000.\0001\0009\000\040\000e\000p\000o\000c\000h\000\137\000g\000e\000n\000\137\000l\000o\000s\000s\000\137\000l\000i\000s\000t}{subsection.5.2.2}% 37
\BOOKMARK [3][-]{subsubsection.5.2.2.20}{\376\377\0005\000.\0002\000.\0002\000.\0002\0000\000\040\000e\000p\000o\000c\000h\000\137\000l\000o\000s\000s}{subsection.5.2.2}% 38
\BOOKMARK [3][-]{subsubsection.5.2.2.21}{\376\377\0005\000.\0002\000.\0002\000.\0002\0001\000\040\000e\000p\000o\000c\000h\000\137\000l\000o\000s\000s\000\137\000l\000i\000s\000t}{subsection.5.2.2}% 39
\BOOKMARK [3][-]{subsubsection.5.2.2.22}{\376\377\0005\000.\0002\000.\0002\000.\0002\0002\000\040\000e\000p\000o\000c\000h\000\137\000r\000e\000c\000o\000n\000\137\000l\000o\000s\000s\000\137\000l\000i\000s\000t}{subsection.5.2.2}% 40
\BOOKMARK [3][-]{subsubsection.5.2.2.23}{\376\377\0005\000.\0002\000.\0002\000.\0002\0003\000\040\000f\000i\000g}{subsection.5.2.2}% 41
\BOOKMARK [3][-]{subsubsection.5.2.2.24}{\376\377\0005\000.\0002\000.\0002\000.\0002\0004\000\040\000f\000i\000r\000s\000t\000\137\000b\000a\000t\000c\000h}{subsection.5.2.2}% 42
\BOOKMARK [3][-]{subsubsection.5.2.2.25}{\376\377\0005\000.\0002\000.\0002\000.\0002\0005\000\040\000f\000o\000n\000t\000s\000i\000z\000e}{subsection.5.2.2}% 43
\BOOKMARK [3][-]{subsubsection.5.2.2.26}{\376\377\0005\000.\0002\000.\0002\000.\0002\0006\000\040\000f\000o\000r\000c\000e}{subsection.5.2.2}% 44
\BOOKMARK [3][-]{subsubsection.5.2.2.27}{\376\377\0005\000.\0002\000.\0002\000.\0002\0007\000\040\000g\000e\000n\000\137\000e\000p\000o\000c\000h\000\137\000l\000o\000s\000s}{subsection.5.2.2}% 45
\BOOKMARK [3][-]{subsubsection.5.2.2.28}{\376\377\0005\000.\0002\000.\0002\000.\0002\0008\000\040\000g\000e\000n\000e\000r\000a\000t\000o\000r\000\137\000l\000o\000s\000s}{subsection.5.2.2}% 46
\BOOKMARK [3][-]{subsubsection.5.2.2.29}{\376\377\0005\000.\0002\000.\0002\000.\0002\0009\000\040\000i\000d\000x}{subsection.5.2.2}% 47
\BOOKMARK [3][-]{subsubsection.5.2.2.30}{\376\377\0005\000.\0002\000.\0002\000.\0003\0000\000\040\000i\000m\000a\000g\000e\000s}{subsection.5.2.2}% 48
\BOOKMARK [3][-]{subsubsection.5.2.2.31}{\376\377\0005\000.\0002\000.\0002\000.\0003\0001\000\040\000i\000m\000g}{subsection.5.2.2}% 49
\BOOKMARK [3][-]{subsubsection.5.2.2.32}{\376\377\0005\000.\0002\000.\0002\000.\0003\0002\000\040\000i\000n\000f\000e\000r\000e\000r}{subsection.5.2.2}% 50
\BOOKMARK [3][-]{subsubsection.5.2.2.33}{\376\377\0005\000.\0002\000.\0002\000.\0003\0003\000\040\000i\000n\000t\000e\000r\000m\000e\000d\000i\000a\000r\000y\000\137\000i\000m\000a\000g\000e\000s}{subsection.5.2.2}% 51
\BOOKMARK [3][-]{subsubsection.5.2.2.34}{\376\377\0005\000.\0002\000.\0002\000.\0003\0004\000\040\000k\000l\000\137\000l\000o\000s\000s}{subsection.5.2.2}% 52
\BOOKMARK [3][-]{subsubsection.5.2.2.35}{\376\377\0005\000.\0002\000.\0002\000.\0003\0005\000\040\000k\000l\000\137\000w\000e\000i\000g\000h\000t}{subsection.5.2.2}% 53
\BOOKMARK [3][-]{subsubsection.5.2.2.36}{\376\377\0005\000.\0002\000.\0002\000.\0003\0006\000\040\000l\0001\000\137\000l\000o\000s\000s}{subsection.5.2.2}% 54
\BOOKMARK [3][-]{subsubsection.5.2.2.37}{\376\377\0005\000.\0002\000.\0002\000.\0003\0007\000\040\000l\000a\000b\000e\000l}{subsection.5.2.2}% 55
\BOOKMARK [3][-]{subsubsection.5.2.2.38}{\376\377\0005\000.\0002\000.\0002\000.\0003\0008\000\040\000l\000i\000n\000e\000w\000i\000d\000t\000h}{subsection.5.2.2}% 56
\BOOKMARK [3][-]{subsubsection.5.2.2.39}{\376\377\0005\000.\0002\000.\0002\000.\0003\0009\000\040\000l\000o\000g\000i\000t\000s\000\137\000f\000a\000k\000e}{subsection.5.2.2}% 57
\BOOKMARK [3][-]{subsubsection.5.2.2.40}{\376\377\0005\000.\0002\000.\0002\000.\0004\0000\000\040\000l\000o\000g\000i\000t\000s\000\137\000r\000e\000a\000l}{subsection.5.2.2}% 58
\BOOKMARK [3][-]{subsubsection.5.2.2.41}{\376\377\0005\000.\0002\000.\0002\000.\0004\0001\000\040\000l\000o\000s\000s}{subsection.5.2.2}% 59
\BOOKMARK [3][-]{subsubsection.5.2.2.42}{\376\377\0005\000.\0002\000.\0002\000.\0004\0002\000\040\000l\000o\000s\000s\000\137\000d}{subsection.5.2.2}% 60
\BOOKMARK [3][-]{subsubsection.5.2.2.43}{\376\377\0005\000.\0002\000.\0002\000.\0004\0003\000\040\000l\000o\000s\000s\000\137\000d\000\137\000f\000a\000k\000e}{subsection.5.2.2}% 61
\BOOKMARK [3][-]{subsubsection.5.2.2.44}{\376\377\0005\000.\0002\000.\0002\000.\0004\0004\000\040\000l\000o\000s\000s\000\137\000d\000\137\000r\000e\000a\000l}{subsection.5.2.2}% 62
\BOOKMARK [3][-]{subsubsection.5.2.2.45}{\376\377\0005\000.\0002\000.\0002\000.\0004\0005\000\040\000l\000o\000s\000s\000\137\000g}{subsection.5.2.2}% 63
\BOOKMARK [3][-]{subsubsection.5.2.2.46}{\376\377\0005\000.\0002\000.\0002\000.\0004\0006\000\040\000l\000o\000s\000s\000\137\000p\000e\000r\000c\000e\000p\000t\000u\000a\000l}{subsection.5.2.2}% 64
\BOOKMARK [3][-]{subsubsection.5.2.2.47}{\376\377\0005\000.\0002\000.\0002\000.\0004\0007\000\040\000n\000\137\000e\000p\000o\000c\000h\000s}{subsection.5.2.2}% 65
\BOOKMARK [3][-]{subsubsection.5.2.2.48}{\376\377\0005\000.\0002\000.\0002\000.\0004\0008\000\040\000n\000\137\000e\000x\000a\000m\000p\000l\000e\000\137\000i\000m\000a\000g\000e\000s}{subsection.5.2.2}% 66
\BOOKMARK [3][-]{subsubsection.5.2.2.49}{\376\377\0005\000.\0002\000.\0002\000.\0004\0009\000\040\000n\000c\000o\000l\000s}{subsection.5.2.2}% 67
\BOOKMARK [3][-]{subsubsection.5.2.2.50}{\376\377\0005\000.\0002\000.\0002\000.\0005\0000\000\040\000n\000o\000i\000s\000e}{subsection.5.2.2}% 68
\BOOKMARK [3][-]{subsubsection.5.2.2.51}{\376\377\0005\000.\0002\000.\0002\000.\0005\0001\000\040\000n\000o\000i\000s\000e\000\137\000p\000r\000e\000d}{subsection.5.2.2}% 69
\BOOKMARK [3][-]{subsubsection.5.2.2.52}{\376\377\0005\000.\0002\000.\0002\000.\0005\0002\000\040\000n\000r\000o\000w\000s}{subsection.5.2.2}% 70
\BOOKMARK [3][-]{subsubsection.5.2.2.53}{\376\377\0005\000.\0002\000.\0002\000.\0005\0003\000\040\000n\000u\000m\000\137\000i\000n\000f\000e\000r\000e\000n\000c\000e\000\137\000s\000t\000e\000p\000s}{subsection.5.2.2}% 71
\BOOKMARK [3][-]{subsubsection.5.2.2.54}{\376\377\0005\000.\0002\000.\0002\000.\0005\0004\000\040\000o\000p\000t\000i\000m\000i\000z\000e\000r\000\137\000d}{subsection.5.2.2}% 72
\BOOKMARK [3][-]{subsubsection.5.2.2.55}{\376\377\0005\000.\0002\000.\0002\000.\0005\0005\000\040\000o\000p\000t\000i\000m\000i\000z\000e\000r\000\137\000d\000i\000f\000f}{subsection.5.2.2}% 73
\BOOKMARK [3][-]{subsubsection.5.2.2.56}{\376\377\0005\000.\0002\000.\0002\000.\0005\0006\000\040\000o\000p\000t\000i\000m\000i\000z\000e\000r\000\137\000g}{subsection.5.2.2}% 74
\BOOKMARK [3][-]{subsubsection.5.2.2.57}{\376\377\0005\000.\0002\000.\0002\000.\0005\0007\000\040\000p\000\137\000l\000o\000s\000s}{subsection.5.2.2}% 75
\BOOKMARK [3][-]{subsubsection.5.2.2.58}{\376\377\0005\000.\0002\000.\0002\000.\0005\0008\000\040\000p\000e\000r\000c\000e\000p\000t\000u\000a\000l\000\137\000w\000e\000i\000g\000h\000t}{subsection.5.2.2}% 76
\BOOKMARK [3][-]{subsubsection.5.2.2.59}{\376\377\0005\000.\0002\000.\0002\000.\0005\0009\000\040\000p\000r\000o\000g\000r\000e\000s\000s\000\137\000b\000a\000r}{subsection.5.2.2}% 77
\BOOKMARK [3][-]{subsubsection.5.2.2.60}{\376\377\0005\000.\0002\000.\0002\000.\0006\0000\000\040\000p\000r\000o\000p}{subsection.5.2.2}% 78
\BOOKMARK [3][-]{subsubsection.5.2.2.61}{\376\377\0005\000.\0002\000.\0002\000.\0006\0001\000\040\000r\000e\000c\000o\000n\000s\000\137\000l\000o\000s\000s}{subsection.5.2.2}% 79
\BOOKMARK [3][-]{subsubsection.5.2.2.62}{\376\377\0005\000.\0002\000.\0002\000.\0006\0002\000\040\000r\000e\000c\000o\000n\000s\000t\000r\000u\000c\000t\000i\000o\000n}{subsection.5.2.2}% 80
\BOOKMARK [3][-]{subsubsection.5.2.2.63}{\376\377\0005\000.\0002\000.\0002\000.\0006\0003\000\040\000r\000o\000o\000t\000\137\000d\000i\000r}{subsection.5.2.2}% 81
\BOOKMARK [3][-]{subsubsection.5.2.2.64}{\376\377\0005\000.\0002\000.\0002\000.\0006\0004\000\040\000s\000c\000a\000l\000e\000\137\000f\000a\000c\000t\000o\000r}{subsection.5.2.2}% 82
\BOOKMARK [3][-]{subsubsection.5.2.2.65}{\376\377\0005\000.\0002\000.\0002\000.\0006\0005\000\040\000s\000c\000a\000l\000e\000r}{subsection.5.2.2}% 83
\BOOKMARK [3][-]{subsubsection.5.2.2.66}{\376\377\0005\000.\0002\000.\0002\000.\0006\0006\000\040\000s\000c\000h\000e\000d\000u\000l\000e\000r}{subsection.5.2.2}% 84
\BOOKMARK [3][-]{subsubsection.5.2.2.67}{\376\377\0005\000.\0002\000.\0002\000.\0006\0007\000\040\000s\000e\000t\000\137\000t\000o\000\137\000n\000o\000n\000e}{subsection.5.2.2}% 85
\BOOKMARK [3][-]{subsubsection.5.2.2.68}{\376\377\0005\000.\0002\000.\0002\000.\0006\0008\000\040\000s\000y\000n\000t\000h\000e\000t\000i\000c\000\137\000i\000m\000a\000g\000e\000s}{subsection.5.2.2}% 86
\BOOKMARK [3][-]{subsubsection.5.2.2.69}{\376\377\0005\000.\0002\000.\0002\000.\0006\0009\000\040\000t\000i\000m\000e\000s\000t\000e\000p\000s}{subsection.5.2.2}% 87
\BOOKMARK [3][-]{subsubsection.5.2.2.70}{\376\377\0005\000.\0002\000.\0002\000.\0007\0000\000\040\000t\000r\000a\000i\000n\000\137\000d\000s}{subsection.5.2.2}% 88
\BOOKMARK [3][-]{subsubsection.5.2.2.71}{\376\377\0005\000.\0002\000.\0002\000.\0007\0001\000\040\000t\000r\000a\000i\000n\000\137\000l\000o\000a\000d\000e\000r}{subsection.5.2.2}% 89
\BOOKMARK [3][-]{subsubsection.5.2.2.72}{\376\377\0005\000.\0002\000.\0002\000.\0007\0002\000\040\000t\000r\000a\000i\000n\000\137\000t\000r\000a\000n\000s\000f\000o\000r\000m\000s}{subsection.5.2.2}% 90
\BOOKMARK [3][-]{subsubsection.5.2.2.73}{\376\377\0005\000.\0002\000.\0002\000.\0007\0003\000\040\000u\000n\000e\000t}{subsection.5.2.2}% 91
\BOOKMARK [3][-]{subsubsection.5.2.2.74}{\376\377\0005\000.\0002\000.\0002\000.\0007\0004\000\040\000v\000a\000l\000\137\000i\000n\000t\000e\000r\000v\000a\000l}{subsection.5.2.2}% 92
\BOOKMARK [3][-]{subsubsection.5.2.2.75}{\376\377\0005\000.\0002\000.\0002\000.\0007\0005\000\040\000v\000a\000l\000\137\000r\000e\000c\000o\000n\000\137\000e\000p\000o\000c\000h\000\137\000l\000o\000s\000s\000\137\000l\000i\000s\000t}{subsection.5.2.2}% 93
\BOOKMARK [3][-]{subsubsection.5.2.2.76}{\376\377\0005\000.\0002\000.\0002\000.\0007\0006\000\040\000z}{subsection.5.2.2}% 94
\BOOKMARK [3][-]{subsubsection.5.2.2.77}{\376\377\0005\000.\0002\000.\0002\000.\0007\0007\000\040\000z\000\137\000m\000u}{subsection.5.2.2}% 95
\BOOKMARK [3][-]{subsubsection.5.2.2.78}{\376\377\0005\000.\0002\000.\0002\000.\0007\0008\000\040\000z\000\137\000s\000i\000g\000m\000a}{subsection.5.2.2}% 96
\BOOKMARK [0][-]{chapter.6}{\376\377\0006\000\040\000C\000l\000a\000s\000s\000\040\000D\000o\000c\000u\000m\000e\000n\000t\000a\000t\000i\000o\000n}{}% 97
\BOOKMARK [1][-]{section.6.1}{\376\377\0006\000.\0001\000\040\000G\000U\000I\000.\000M\000a\000i\000n\000W\000i\000n\000d\000o\000w\000\040\000C\000l\000a\000s\000s\000\040\000R\000e\000f\000e\000r\000e\000n\000c\000e}{chapter.6}% 98
\BOOKMARK [2][-]{subsection.6.1.1}{\376\377\0006\000.\0001\000.\0001\000\040\000C\000o\000n\000s\000t\000r\000u\000c\000t\000o\000r\000\040\000\046\000\040\000D\000e\000s\000t\000r\000u\000c\000t\000o\000r\000\040\000D\000o\000c\000u\000m\000e\000n\000t\000a\000t\000i\000o\000n}{section.6.1}% 99
\BOOKMARK [3][-]{subsubsection.6.1.1.1}{\376\377\0006\000.\0001\000.\0001\000.\0001\000\040\000\137\000\137\000i\000n\000i\000t\000\137\000\137\000\050\000\051}{subsection.6.1.1}% 100
\BOOKMARK [2][-]{subsection.6.1.2}{\376\377\0006\000.\0001\000.\0002\000\040\000M\000e\000m\000b\000e\000r\000\040\000F\000u\000n\000c\000t\000i\000o\000n\000\040\000D\000o\000c\000u\000m\000e\000n\000t\000a\000t\000i\000o\000n}{section.6.1}% 101
\BOOKMARK [3][-]{subsubsection.6.1.2.1}{\376\377\0006\000.\0001\000.\0002\000.\0001\000\040\000o\000p\000e\000n\000\137\000f\000i\000l\000e\000\137\000d\000i\000a\000l\000o\000g\000\050\000\051}{subsection.6.1.2}% 102
\BOOKMARK [2][-]{subsection.6.1.3}{\376\377\0006\000.\0001\000.\0003\000\040\000M\000e\000m\000b\000e\000r\000\040\000D\000a\000t\000a\000\040\000D\000o\000c\000u\000m\000e\000n\000t\000a\000t\000i\000o\000n}{section.6.1}% 103
\BOOKMARK [3][-]{subsubsection.6.1.3.1}{\376\377\0006\000.\0001\000.\0003\000.\0001\000\040\000c\000l\000o\000s\000e}{subsection.6.1.3}% 104
\BOOKMARK [3][-]{subsubsection.6.1.3.2}{\376\377\0006\000.\0001\000.\0003\000.\0002\000\040\000o\000p\000e\000n\000\137\000f\000i\000l\000e\000\137\000d\000i\000a\000l\000o\000g}{subsection.6.1.3}% 105
\BOOKMARK [0][-]{chapter.7}{\376\377\0007\000\040\000F\000i\000l\000e\000\040\000D\000o\000c\000u\000m\000e\000n\000t\000a\000t\000i\000o\000n}{}% 106
\BOOKMARK [1][-]{section.7.1}{\376\377\0007\000.\0001\000\040\000G\000U\000I\000.\000p\000y\000\040\000F\000i\000l\000e\000\040\000R\000e\000f\000e\000r\000e\000n\000c\000e}{chapter.7}% 107
\BOOKMARK [1][-]{section.7.2}{\376\377\0007\000.\0002\000\040\000t\000r\000a\000i\000n\000i\000n\000g\000.\000p\000y\000\040\000F\000i\000l\000e\000\040\000R\000e\000f\000e\000r\000e\000n\000c\000e}{chapter.7}% 108
\BOOKMARK [0][-]{section*.14}{\376\377\000I\000n\000d\000e\000x}{}% 109
